Unity Editor version:    6000.2.1f1 (55300504c302)
Branch:                  6000.2/staging
Build type:              Release
Batch mode:              YES
macOS version:           Version 15.5 (Build 24F74)
Darwin version:          24.5.0
Architecture:            arm64
Running under Rosetta:   NO
Available memory:        8192 MB
Date:                    2025-09-05T15:31:15Z
[Licensing::Module] Trying to connect to existing licensing client channel...
[Licensing::IpcConnector] Successfully connected to: "LicenseClient-saad" at "2025-09-05T15:31:15.611423Z"

COMMAND LINE ARGUMENTS:
/Applications/Unity/Hub/Editor/6000.2.1f1/Unity.app/Contents/MacOS/Unity
-adb2
-batchMode
-noUpm
-name
AssetImportWorker1
-projectPath
/Users/saad/Downloads/LudoOnlineBoardGame
-logFile
Logs/AssetImportWorker1.log
-srvPort
49525
-licensingIpc
LicenseClient-saad
-job-worker-count
3
-background-job-worker-count
8
-gc-helper-count
1
-name AssetImport
Successfully changed project path to: /Users/saad/Downloads/LudoOnlineBoardGame
/Users/saad/Downloads/LudoOnlineBoardGame
[UnityMemory] Configuration Parameters - Can be set up in boot.config
    "memorysetup-allocator-temp-initial-block-size-main=262144"
    "memorysetup-allocator-temp-initial-block-size-worker=262144"
    "memorysetup-bucket-allocator-granularity=16"
    "memorysetup-bucket-allocator-bucket-count=8"
    "memorysetup-bucket-allocator-block-size=33554432"
    "memorysetup-bucket-allocator-block-count=8"
    "memorysetup-main-allocator-block-size=16777216"
    "memorysetup-thread-allocator-block-size=16777216"
    "memorysetup-gfx-main-allocator-block-size=16777216"
    "memorysetup-gfx-thread-allocator-block-size=16777216"
    "memorysetup-cache-allocator-block-size=4194304"
    "memorysetup-typetree-allocator-block-size=2097152"
    "memorysetup-profiler-bucket-allocator-granularity=16"
    "memorysetup-profiler-bucket-allocator-bucket-count=8"
    "memorysetup-profiler-bucket-allocator-block-size=33554432"
    "memorysetup-profiler-bucket-allocator-block-count=8"
    "memorysetup-profiler-allocator-block-size=16777216"
    "memorysetup-profiler-editor-allocator-block-size=1048576"
    "memorysetup-temp-allocator-size-main=16777216"
    "memorysetup-job-temp-allocator-block-size=2097152"
    "memorysetup-job-temp-allocator-block-size-background=1048576"
    "memorysetup-job-temp-allocator-reduction-small-platforms=262144"
    "memorysetup-temp-allocator-size-background-worker=32768"
    "memorysetup-temp-allocator-size-job-worker=262144"
    "memorysetup-temp-allocator-size-preload-manager=33554432"
    "memorysetup-temp-allocator-size-nav-mesh-worker=65536"
    "memorysetup-temp-allocator-size-audio-worker=65536"
    "memorysetup-temp-allocator-size-cloud-worker=32768"
    "memorysetup-temp-allocator-size-gi-baking-worker=262144"
    "memorysetup-temp-allocator-size-gi-baking-worker=262144"
    "memorysetup-temp-allocator-size-gi-baking-worker=262144"
    "memorysetup-temp-allocator-size-gi-baking-worker=262144"
    "memorysetup-temp-allocator-size-gi-baking-worker=262144"
    "memorysetup-temp-allocator-size-gfx=262144"
Player connection [8801853184]  Target information:

Player connection [8801853184]  * "[IP] 192.168.1.115 [Port] 0 [Flags] 2 [Guid] 2104186559 [EditorId] 2104186559 [Version] 1048832 [Id] OSXEditor(0,MacBookAir.powerhub) [Debug] 1 [PackageName] OSXEditor [ProjectName] Editor" 

Player connection [8801853184] Host joined multi-casting on [225.0.0.222:54997]...
Player connection [8801853184] Host joined alternative multi-casting on [225.0.0.222:34997]...
JobSystem: Creating JobQueue using job-worker-count value 3
Input System module state changed to: Initialized.
[Physics::Module] Initialized fallback backend.
[Physics::Module] Id: 0xdecafbad
Library Redirect Path: Library/
[Physics::Module] Selected backend.
[Physics::Module] Name: PhysX
[Physics::Module] Id: 0xf2b8ea05
[Physics::Module] SDK Version: 4.1.2
[Physics::Module] Integration Version: 1.0.0
[Physics::Module] Threading Mode: Multi-Threaded
ETC Legacy compression has been deprecated and will be removed in a future release. You can review compressors in "Project Settings > Editor > Texture Compressors".
[Licensing::Module] Licensing is not yet initialized.
[Licensing::Client] Code 10 while verifying Licensing Client signature (process Id: 1886, path: "/Applications/Unity Hub.app/Contents/Frameworks/UnityLicensingClient_V1.app/Contents/MacOS/Unity.Licensing.Client")
[Licensing::Module] LicensingClient has failed validation; ignoring
[Licensing::Client] Error: HandshakeResponse reported an error:
	ResponseCode: 505
	ResponseStatus: Unsupported protocol version '1.17.2'.
[Licensing::Module] Error: Failed to handshake to channel: "LicenseClient-saad"
[Licensing::IpcConnector] LicenseClient-saad channel disconnected successfully.
[Licensing::IpcConnector] Successfully connected to: "LicenseClient-saad-6000.2.1" at "2025-09-05T15:31:16.818907Z"
[Licensing::Client] Code 1 while verifying Licensing Client signature (process Id: 3389, path: "/Applications/Unity/Hub/Editor/6000.2.1f1/Unity.app/Contents/Frameworks/UnityLicensingClient.app/Contents/MacOS/Unity.Licensing.Client")
[Licensing::Module] LicensingClient has failed validation; ignoring
[Licensing::Client] Handshaking with LicensingClient:
  Version:                 1.17.2+ff71f16
  Session Id:              6361d03a5b374352bee64d4871d6c860
  Correlation Id:          24a1aa778e7b406be5216a74a620ce8a
  External correlation Id: 4029835007028261758
  Machine Id:              J1rW77LUzmDmBkZvNkBzaPqNuRs=
[Licensing::Module] Successfully connected to LicensingClient on channel: "LicenseClient-saad-6000.2.1" (connect: 0.00s, validation: 0.01s, handshake: 0.02s)
[Licensing::IpcConnector] Successfully connected to: "LicenseClient-saad-6000.2.1-notifications" at "2025-09-05T15:31:16.849035Z"
[Licensing::Module] Licensing Background thread has ended after 1.24s
[Licensing::Module] Licensing is initialized (took 0.45s).
[Licensing::Client] Successfully resolved entitlement details
[Licensing::Module] License group:
  Id: 5773606420357-UnityPersXXXX
  Product: Unity Personal
  Type: Assigned
  Expiration: Unlimited
Refreshing native plugins compatible for Editor in 56.24 ms, found 6 plugins.
Preloading 0 native plugins for Editor in 0.00 ms.
Initialize engine version: 6000.2.1f1 (55300504c302)
[Subsystems] Discovering subsystems at path /Applications/Unity/Hub/Editor/6000.2.1f1/Unity.app/Contents/Resources/UnitySubsystems
[Subsystems] Discovering subsystems at path /Users/saad/Downloads/LudoOnlineBoardGame/Assets
GfxDevice: creating device client; kGfxThreadingModeNonThreaded
 preferred device: Apple M1 (high power)
Metal devices available: 1
0: Apple M1 (high power)
Using device Apple M1 (high power)
Initializing Metal device caps: Apple M1
Mac GPU Family: 2
Apple GPU Family: 7
MSL Version: 3.0
Has Float MSAA: 1
Has Float Filtering: 1
ReadWrite Texture Tier: 2
Initialize mono
Mono path[0] = '/Applications/Unity/Hub/Editor/6000.2.1f1/Unity.app/Contents/Managed'
Mono path[1] = '/Applications/Unity/Hub/Editor/6000.2.1f1/Unity.app/Contents/MonoBleedingEdge/lib/mono/unityjit-macos'
Mono config path = '/Applications/Unity/Hub/Editor/6000.2.1f1/Unity.app/Contents/MonoBleedingEdge/etc'
Using monoOptions --debugger-agent=transport=dt_socket,embedding=1,server=y,suspend=n,address=127.0.0.1:56442
Begin MonoManager ReloadAssembly
Registering precompiled unity dll's ...
Register platform support module: /Applications/Unity/Hub/Editor/6000.2.1f1/Unity.app/Contents/PlaybackEngines/MacStandaloneSupport/UnityEditor.OSXStandalone.Extensions.dll
Register platform support module: /Applications/Unity/Hub/Editor/6000.2.1f1/PlaybackEngines/AndroidPlayer/UnityEditor.Android.Extensions.dll
Registered in 0.002021 seconds.
- Loaded All Assemblies, in  0.894 seconds
Native extension for Android target not found
Android Extension - Scanning For ADB Devices 214 ms
Native extension for OSXStandalone target not found
Mono: successfully reloaded assembly
- Finished resetting the current domain, in  1.113 seconds
Domain Reload Profiling: 2008ms
	BeginReloadAssembly (231ms)
		ExecutionOrderSort (0ms)
		DisableScriptedObjects (0ms)
		BackupInstance (0ms)
		ReleaseScriptingObjects (0ms)
		CreateAndSetChildDomain (1ms)
	RebuildCommonClasses (101ms)
	RebuildNativeTypeToScriptingClass (34ms)
	initialDomainReloadingComplete (103ms)
	LoadAllAssembliesAndSetupDomain (424ms)
		LoadAssemblies (231ms)
		RebuildTransferFunctionScriptingTraits (0ms)
		AnalyzeDomain (418ms)
			TypeCache.Refresh (416ms)
				TypeCache.ScanAssembly (381ms)
			BuildScriptInfoCaches (0ms)
			ResolveRequiredComponents (1ms)
	FinalizeReload (1115ms)
		ReleaseScriptCaches (0ms)
		RebuildScriptCaches (0ms)
		SetupLoadedEditorAssemblies (1006ms)
			LogAssemblyErrors (0ms)
			InitializePlatformSupportModulesInManaged (438ms)
			SetLoadedEditorAssemblies (9ms)
			BeforeProcessingInitializeOnLoad (154ms)
			ProcessInitializeOnLoadAttributes (268ms)
			ProcessInitializeOnLoadMethodAttributes (138ms)
			AfterProcessingInitializeOnLoad (0ms)
			EditorAssembliesLoaded (0ms)
		ExecutionOrderSort2 (0ms)
		AwakeInstancesAfterBackupRestoration (0ms)
========================================================================
Worker process is ready to serve import requests
Import Worker Mode flag is 0x00
Begin MonoManager ReloadAssembly
[Licensing::Client] Successfully resolved entitlement details
Symbol file LoadedFromMemory is not a mono symbol file
- Loaded All Assemblies, in  1.500 seconds
OnLevelWasLoaded was found on PhotonHandler
This message has been deprecated and will be removed in a later version of Unity.
Add a delegate to SceneManager.sceneLoaded instead to get notifications after scene loading has completed
Refreshing native plugins compatible for Editor in 13.13 ms, found 6 plugins.
OnLevelWasLoaded was found on PhotonHandler
This message has been deprecated and will be removed in a later version of Unity.
Add a delegate to SceneManager.sceneLoaded instead to get notifications after scene loading has completed
Native extension for Android target not found
Native extension for OSXStandalone target not found
VersionUpgrader start
UnityEngine.Debug:ExtractStackTraceNoAlloc (byte*,int,string)
UnityEngine.StackTraceUtility:ExtractStackTrace () (at /Users/bokken/build/output/unity/unity/Runtime/Export/Scripting/StackTrace.cs:35)
UnityEngine.DebugLogHandler:Internal_Log (UnityEngine.LogType,UnityEngine.LogOption,string,UnityEngine.Object)
UnityEngine.DebugLogHandler:LogFormat (UnityEngine.LogType,UnityEngine.Object,string,object[])
UnityEngine.Logger:Log (UnityEngine.LogType,object)
UnityEngine.Debug:Log (object)
VersionUpgrader:.cctor () (at Assets/Scripts/Editor/VersionUpgrader.cs:18)
System.Runtime.CompilerServices.RuntimeHelpers:RunClassConstructor (System.RuntimeTypeHandle)
UnityEditor.EditorAssemblies:ProcessInitializeOnLoadAttributes (System.Type[]) (at /Users/bokken/build/output/unity/unity/Editor/Mono/EditorAssemblies.cs:124)

(Filename: Assets/Scripts/Editor/VersionUpgrader.cs Line: 18)

Assertion failed on expression: '!AssetDatabase::IsAssetImportWorkerProcess()'
UnityEngine.Debug:ExtractStackTraceNoAlloc (byte*,int,string)
UnityEngine.StackTraceUtility:ExtractStackTrace () (at /Users/bokken/build/output/unity/unity/Runtime/Export/Scripting/StackTrace.cs:35)
VersionUpgrader:.cctor () (at Assets/Scripts/Editor/VersionUpgrader.cs:32)
System.Runtime.CompilerServices.RuntimeHelpers:RunClassConstructor (System.RuntimeTypeHandle)
UnityEditor.EditorAssemblies:ProcessInitializeOnLoadAttributes (System.Type[]) (at /Users/bokken/build/output/unity/unity/Editor/Mono/EditorAssemblies.cs:124)

[Assets/Scripts/Editor/VersionUpgrader.cs line 32]

Refresh completed but there are assets queued up for importing. Check for code that modifies assets which gets called after OnPostProcessAllAssets. Additional details in Log file
UnityEngine.Debug:ExtractStackTraceNoAlloc (byte*,int,string)
UnityEngine.StackTraceUtility:ExtractStackTrace () (at /Users/bokken/build/output/unity/unity/Runtime/Export/Scripting/StackTrace.cs:35)
VersionUpgrader:.cctor () (at Assets/Scripts/Editor/VersionUpgrader.cs:32)
System.Runtime.CompilerServices.RuntimeHelpers:RunClassConstructor (System.RuntimeTypeHandle)
UnityEditor.EditorAssemblies:ProcessInitializeOnLoadAttributes (System.Type[]) (at /Users/bokken/build/output/unity/unity/Editor/Mono/EditorAssemblies.cs:124)

[Assets/Scripts/Editor/VersionUpgrader.cs line 32]

Assets queued for import after Refresh completed:
	Assets/Config/Config.asset
Asset Pipeline Refresh (id=869ac70bbf2464d819db5b1d707fa90c): Total: 0.002 seconds - Initiated by StopAssetImportingV2(NoUpdateAssetOptions)
Assertion failed on expression: 'm_Ptr'
UnityEngine.Debug:ExtractStackTraceNoAlloc (byte*,int,string)
UnityEngine.StackTraceUtility:ExtractStackTrace () (at /Users/bokken/build/output/unity/unity/Runtime/Export/Scripting/StackTrace.cs:35)
VersionUpgrader:.cctor () (at Assets/Scripts/Editor/VersionUpgrader.cs:32)
System.Runtime.CompilerServices.RuntimeHelpers:RunClassConstructor (System.RuntimeTypeHandle)
UnityEditor.EditorAssemblies:ProcessInitializeOnLoadAttributes (System.Type[]) (at /Users/bokken/build/output/unity/unity/Editor/Mono/EditorAssemblies.cs:124)

[Assets/Scripts/Editor/VersionUpgrader.cs line 32]

VersionUpgrader done
UnityEngine.Debug:ExtractStackTraceNoAlloc (byte*,int,string)
UnityEngine.StackTraceUtility:ExtractStackTrace () (at /Users/bokken/build/output/unity/unity/Runtime/Export/Scripting/StackTrace.cs:35)
UnityEngine.DebugLogHandler:Internal_Log (UnityEngine.LogType,UnityEngine.LogOption,string,UnityEngine.Object)
UnityEngine.DebugLogHandler:LogFormat (UnityEngine.LogType,UnityEngine.Object,string,object[])
UnityEngine.Logger:Log (UnityEngine.LogType,object)
UnityEngine.Debug:Log (object)
VersionUpgrader:.cctor () (at Assets/Scripts/Editor/VersionUpgrader.cs:34)
System.Runtime.CompilerServices.RuntimeHelpers:RunClassConstructor (System.RuntimeTypeHandle)
UnityEditor.EditorAssemblies:ProcessInitializeOnLoadAttributes (System.Type[]) (at /Users/bokken/build/output/unity/unity/Editor/Mono/EditorAssemblies.cs:124)

(Filename: Assets/Scripts/Editor/VersionUpgrader.cs Line: 34)

Refreshing native plugins compatible for Editor in 15.32 ms, found 6 plugins.
Package Manager log level set to [2]
[Package Manager] Failed to launch server process. Reason: Unity was launched with the -noUpm command-line argument
[Package Manager] Unable to send message (not connected to server process).
[Package Manager] Cannot connect to Unity Package Manager local server
Mono: successfully reloaded assembly
- Finished resetting the current domain, in  2.234 seconds
Domain Reload Profiling: 3735ms
	BeginReloadAssembly (366ms)
		ExecutionOrderSort (0ms)
		DisableScriptedObjects (14ms)
		BackupInstance (0ms)
		ReleaseScriptingObjects (0ms)
		CreateAndSetChildDomain (125ms)
	RebuildCommonClasses (106ms)
	RebuildNativeTypeToScriptingClass (37ms)
	initialDomainReloadingComplete (61ms)
	LoadAllAssembliesAndSetupDomain (930ms)
		LoadAssemblies (596ms)
		RebuildTransferFunctionScriptingTraits (0ms)
		AnalyzeDomain (457ms)
			TypeCache.Refresh (366ms)
				TypeCache.ScanAssembly (313ms)
			BuildScriptInfoCaches (66ms)
			ResolveRequiredComponents (20ms)
	FinalizeReload (2235ms)
		ReleaseScriptCaches (0ms)
		RebuildScriptCaches (0ms)
		SetupLoadedEditorAssemblies (1923ms)
			LogAssemblyErrors (0ms)
			InitializePlatformSupportModulesInManaged (27ms)
			SetLoadedEditorAssemblies (13ms)
			BeforeProcessingInitializeOnLoad (259ms)
			ProcessInitializeOnLoadAttributes (1507ms)
			ProcessInitializeOnLoadMethodAttributes (114ms)
			AfterProcessingInitializeOnLoad (3ms)
			EditorAssembliesLoaded (1ms)
		ExecutionOrderSort2 (0ms)
		AwakeInstancesAfterBackupRestoration (7ms)
ETC Legacy compression has been deprecated and will be removed in a future release. You can review compressors in "Project Settings > Editor > Texture Compressors".
Launching external process: /Applications/Unity/Hub/Editor/6000.2.1f1/Unity.app/Contents/Tools/UnityShaderCompiler
Launched and connected shader compiler UnityShaderCompiler after 0.12 seconds
Refreshing native plugins compatible for Editor in 12.11 ms, found 6 plugins.
Preloading 0 native plugins for Editor in 0.00 ms.
Unloading 0 Unused Serialized files (Serialized files now loaded: 0)
Unloading 4855 unused Assets / (2.7 MB). Loaded Objects now: 4268.
Memory consumption went from 98.7 MB to 96.0 MB.
Total: 37.068125 ms (FindLiveObjects: 2.422250 ms CreateObjectMapping: 0.339000 ms MarkObjects: 26.281834 ms  DeleteObjects: 8.023000 ms)

========================================================================
Received Import Request.
  Time since last request: 2201.825518 seconds.
  path: Assets/Readme.asset
  artifactKey: Guid(7f2c382dc2c22446db59030979f6e495) Importer(815301076,1909f56bfc062723c751e8b465ee728b)
Start importing Assets/Readme.asset using Guid(7f2c382dc2c22446db59030979f6e495) Importer(815301076,1909f56bfc062723c751e8b465ee728b) (PreviewImporter) -> (artifact id: '6ddd4db7d48408641b515657df49ef69') in 0.061194958 seconds
Number of updated asset objects reloaded before import = 0Number of asset objects unloaded after import = 2

========================================================================
Received Import Request.
  Time since last request: 47.301258 seconds.
  path: Assets/Epic Toon FX/Prefabs/Combat/Explosions/BulletFatExplosion/BulletFatExplosionGreen.prefab
  artifactKey: Guid(1fe35c3ac77275e4d81bc09fcde78105) Importer(815301076,1909f56bfc062723c751e8b465ee728b)
Start importing Assets/Epic Toon FX/Prefabs/Combat/Explosions/BulletFatExplosion/BulletFatExplosionGreen.prefab using Guid(1fe35c3ac77275e4d81bc09fcde78105) Importer(815301076,1909f56bfc062723c751e8b465ee728b) (PreviewImporter) -> (artifact id: '077c2c9714c9b9079b925b6b29e26f8b') in 4.769955125 seconds
Number of updated asset objects reloaded before import = 0Number of asset objects unloaded after import = 29

========================================================================
Received Import Request.
  Time since last request: 0.001039 seconds.
  path: Assets/New UI Slices/Friends/Button Yellow.png
  artifactKey: Guid(64e7977a99863364781e1bbd93084ecd) Importer(815301076,1909f56bfc062723c751e8b465ee728b)
Start importing Assets/New UI Slices/Friends/Button Yellow.png using Guid(64e7977a99863364781e1bbd93084ecd) Importer(815301076,1909f56bfc062723c751e8b465ee728b) (PreviewImporter) -> (artifact id: '0b7fa75f7f651fc184ebdfb93ee5e1f0') in 0.12880075 seconds
Number of updated asset objects reloaded before import = 0Number of asset objects unloaded after import = 3

========================================================================
Received Import Request.
  Time since last request: 0.000229 seconds.
  path: Assets/Ludo Masters/Scenes/LoginSplash.unity
  artifactKey: Guid(4a2f5622cbdf149f99c1d5f0d23a622e) Importer(815301076,1909f56bfc062723c751e8b465ee728b)
Start importing Assets/Ludo Masters/Scenes/LoginSplash.unity using Guid(4a2f5622cbdf149f99c1d5f0d23a622e) Importer(815301076,1909f56bfc062723c751e8b465ee728b) (PreviewImporter) -> (artifact id: 'a7eb5c731c7c7fe8d092f3444cf4c262') in 0.001200917 seconds
Number of updated asset objects reloaded before import = 0Number of asset objects unloaded after import = 0

========================================================================
Received Import Request.
  Time since last request: 0.000322 seconds.
  path: Assets/UI/Login Screen/Login-Screen_0003_button.png
  artifactKey: Guid(cf3c5c25d510c304882ee751cb03b72d) Importer(815301076,1909f56bfc062723c751e8b465ee728b)
Start importing Assets/UI/Login Screen/Login-Screen_0003_button.png using Guid(cf3c5c25d510c304882ee751cb03b72d) Importer(815301076,1909f56bfc062723c751e8b465ee728b) (PreviewImporter) -> (artifact id: 'a3af3e1d2fd0d7e7dbf608b19c101924') in 0.017865125 seconds
Number of updated asset objects reloaded before import = 0Number of asset objects unloaded after import = 3

========================================================================
Received Import Request.
  Time since last request: 0.000121 seconds.
  path: Assets/GUI PRO Kit - Casual Game/Prefabs/Prefabs_Demo_UI/Button_Close.prefab
  artifactKey: Guid(5d5cb366421fa40e6932e5d57d1e1ea0) Importer(815301076,1909f56bfc062723c751e8b465ee728b)
Start importing Assets/GUI PRO Kit - Casual Game/Prefabs/Prefabs_Demo_UI/Button_Close.prefab using Guid(5d5cb366421fa40e6932e5d57d1e1ea0) Importer(815301076,1909f56bfc062723c751e8b465ee728b) (PreviewImporter) -> (artifact id: '00af39ffcaa5b35f418fe04dd7f7c0e7') in 0.021598833 seconds
Number of updated asset objects reloaded before import = 0Number of asset objects unloaded after import = 13

========================================================================
Received Import Request.
  Time since last request: 0.000160 seconds.
  path: Assets/Epic Toon FX/Prefabs/Combat/Explosions/BulletFatExplosion/BulletFatExplosionPink.prefab
  artifactKey: Guid(0a43d6af30ffda6498fb97d7d3202d7e) Importer(815301076,1909f56bfc062723c751e8b465ee728b)
Start importing Assets/Epic Toon FX/Prefabs/Combat/Explosions/BulletFatExplosion/BulletFatExplosionPink.prefab using Guid(0a43d6af30ffda6498fb97d7d3202d7e) Importer(815301076,1909f56bfc062723c751e8b465ee728b) (PreviewImporter) -> (artifact id: '35c09cbc200beec1747e5df9a89a3fa3') in 0.045736916 seconds
Number of updated asset objects reloaded before import = 0Number of asset objects unloaded after import = 29

========================================================================
Received Import Request.
  Time since last request: 0.000134 seconds.
  path: Assets/Epic Toon FX/Materials/Misc/Cards/cardglow07_ADD.mat
  artifactKey: Guid(76869070091117547aec757fdd5a53d0) Importer(815301076,1909f56bfc062723c751e8b465ee728b)
Start importing Assets/Epic Toon FX/Materials/Misc/Cards/cardglow07_ADD.mat using Guid(76869070091117547aec757fdd5a53d0) Importer(815301076,1909f56bfc062723c751e8b465ee728b) (PreviewImporter) -> (artifact id: '741e60f1b42c6fcbbccd512ff3af05f9') in 0.096159791 seconds
Number of updated asset objects reloaded before import = 0Number of asset objects unloaded after import = 2

========================================================================
Received Import Request.
  Time since last request: 0.000110 seconds.
  path: Assets/GUI PRO Kit - Casual Game/Preview/Popup_Login.png
  artifactKey: Guid(320bb19702c5d4fe3afad698b1b3dc92) Importer(815301076,1909f56bfc062723c751e8b465ee728b)
Start importing Assets/GUI PRO Kit - Casual Game/Preview/Popup_Login.png using Guid(320bb19702c5d4fe3afad698b1b3dc92) Importer(815301076,1909f56bfc062723c751e8b465ee728b) (PreviewImporter) -> (artifact id: 'c24a29cdba1e5ad8dde4b71b617306fa') in 0.019793958 seconds
Number of updated asset objects reloaded before import = 0Number of asset objects unloaded after import = 3

========================================================================
Received Import Request.
  Time since last request: 0.000182 seconds.
  path: Assets/GUI PRO Kit - Casual Game/Prefabs/Prefabs_DemoScene_Panels/Popup_Login.prefab
  artifactKey: Guid(d8e1f218912714fb49eae883f1916235) Importer(815301076,1909f56bfc062723c751e8b465ee728b)
Start importing Assets/GUI PRO Kit - Casual Game/Prefabs/Prefabs_DemoScene_Panels/Popup_Login.prefab using Guid(d8e1f218912714fb49eae883f1916235) Importer(815301076,1909f56bfc062723c751e8b465ee728b) (PreviewImporter) -> (artifact id: '4a1af4e27e37d74f9021f263d382795e') in 0.119147042 seconds
Number of updated asset objects reloaded before import = 0Number of asset objects unloaded after import = 128

========================================================================
Received Import Request.
  Time since last request: 0.000085 seconds.
  path: Assets/UI/Login Screen/Login-Screen_0004_facebook.png
  artifactKey: Guid(cc48fe3e6533daf45964794b360da41e) Importer(815301076,1909f56bfc062723c751e8b465ee728b)
Start importing Assets/UI/Login Screen/Login-Screen_0004_facebook.png using Guid(cc48fe3e6533daf45964794b360da41e) Importer(815301076,1909f56bfc062723c751e8b465ee728b) (PreviewImporter) -> (artifact id: 'dbed951a22c48987a5c8ef0f1c5e7d81') in 0.011849708 seconds
Number of updated asset objects reloaded before import = 0Number of asset objects unloaded after import = 3

========================================================================
Received Import Request.
  Time since last request: 0.000090 seconds.
  path: Assets/UI/Login Screen/Login-Screen_0005_Rectangle-2.png
  artifactKey: Guid(543534e0c31ae1f4e80ce4c7539d7686) Importer(815301076,1909f56bfc062723c751e8b465ee728b)
Start importing Assets/UI/Login Screen/Login-Screen_0005_Rectangle-2.png using Guid(543534e0c31ae1f4e80ce4c7539d7686) Importer(815301076,1909f56bfc062723c751e8b465ee728b) (PreviewImporter) -> (artifact id: 'a1cfacc0488a62fdbb2bbe929392643f') in 0.013552708 seconds
Number of updated asset objects reloaded before import = 0Number of asset objects unloaded after import = 3

========================================================================
Received Import Request.
  Time since last request: 0.000240 seconds.
  path: Assets/DailyRewards/Examples/Sprites/buttonClose.png
  artifactKey: Guid(5e23e4d2f76dfdf44bdf3b0e1a643afc) Importer(815301076,1909f56bfc062723c751e8b465ee728b)
Start importing Assets/DailyRewards/Examples/Sprites/buttonClose.png using Guid(5e23e4d2f76dfdf44bdf3b0e1a643afc) Importer(815301076,1909f56bfc062723c751e8b465ee728b) (PreviewImporter) -> (artifact id: '43854f1e52168253e4281cdb965f8c30') in 0.018179625 seconds
Number of updated asset objects reloaded before import = 0Number of asset objects unloaded after import = 3

========================================================================
Received Import Request.
  Time since last request: 0.000128 seconds.
  path: Assets/Epic Toon FX/Materials/Misc/Cards/cardglow06_ADD.mat
  artifactKey: Guid(d30dbfaf98e02b44e87d16d885991bcc) Importer(815301076,1909f56bfc062723c751e8b465ee728b)
Start importing Assets/Epic Toon FX/Materials/Misc/Cards/cardglow06_ADD.mat using Guid(d30dbfaf98e02b44e87d16d885991bcc) Importer(815301076,1909f56bfc062723c751e8b465ee728b) (PreviewImporter) -> (artifact id: '1d521a70db19055d22781e490896295a') in 0.022108833 seconds
Number of updated asset objects reloaded before import = 0Number of asset objects unloaded after import = 2

========================================================================
Received Import Request.
  Time since last request: 0.000465 seconds.
  path: Assets/UI/Login-Screen_0007_glow.png
  artifactKey: Guid(5ff226073ea69a24b9cf47ea2dfaa894) Importer(815301076,1909f56bfc062723c751e8b465ee728b)
Start importing Assets/UI/Login-Screen_0007_glow.png using Guid(5ff226073ea69a24b9cf47ea2dfaa894) Importer(815301076,1909f56bfc062723c751e8b465ee728b) (PreviewImporter) -> (artifact id: '8f3ac2d51a02e357b37f2f9b27575a9d') in 0.016523667 seconds
Number of updated asset objects reloaded before import = 0Number of asset objects unloaded after import = 3

========================================================================
Received Import Request.
  Time since last request: 0.000198 seconds.
  path: Assets/UI/Login Screen/Login-Screen_0002_user.png
  artifactKey: Guid(d9afb00fc6ab73044a5f7864651d701c) Importer(815301076,1909f56bfc062723c751e8b465ee728b)
Start importing Assets/UI/Login Screen/Login-Screen_0002_user.png using Guid(d9afb00fc6ab73044a5f7864651d701c) Importer(815301076,1909f56bfc062723c751e8b465ee728b) (PreviewImporter) -> (artifact id: '96b8d8eaa2c79cf7628feebf7abb098c') in 0.014592583 seconds
Number of updated asset objects reloaded before import = 0Number of asset objects unloaded after import = 3

========================================================================
Received Import Request.
  Time since last request: 0.000152 seconds.
  path: Assets/Epic Toon FX/Prefabs/Interactive/Cards/CardglowType03.prefab
  artifactKey: Guid(c3fb0ba9daefe554d8a87d83f3bf272b) Importer(815301076,1909f56bfc062723c751e8b465ee728b)
Start importing Assets/Epic Toon FX/Prefabs/Interactive/Cards/CardglowType03.prefab using Guid(c3fb0ba9daefe554d8a87d83f3bf272b) Importer(815301076,1909f56bfc062723c751e8b465ee728b) (PreviewImporter) -> (artifact id: '62317fb30685e890c326e4aff77c2f52') in 0.920483334 seconds
Number of updated asset objects reloaded before import = 0Number of asset objects unloaded after import = 20

========================================================================
Received Prepare
ETC Legacy compression has been deprecated and will be removed in a future release. You can review compressors in "Project Settings > Editor > Texture Compressors".
OnLevelWasLoaded was found on PhotonHandler
This message has been deprecated and will be removed in a later version of Unity.
Add a delegate to SceneManager.sceneLoaded instead to get notifications after scene loading has completed
Refreshing native plugins compatible for Editor in 6.98 ms, found 6 plugins.
Preloading 0 native plugins for Editor in 0.00 ms.
Unloading 0 Unused Serialized files (Serialized files now loaded: 0)
Unloading 3755 unused Assets / (1.0 MB). Loaded Objects now: 4332.
Memory consumption went from 96.4 MB to 95.4 MB.
Total: 21.227375 ms (FindLiveObjects: 0.694959 ms CreateObjectMapping: 0.151500 ms MarkObjects: 19.534084 ms  DeleteObjects: 0.845667 ms)

Prepare: number of updated asset objects reloaded= 0
========================================================================
Received Prepare
ETC Legacy compression has been deprecated and will be removed in a future release. You can review compressors in "Project Settings > Editor > Texture Compressors".
OnLevelWasLoaded was found on PhotonHandler
This message has been deprecated and will be removed in a later version of Unity.
Add a delegate to SceneManager.sceneLoaded instead to get notifications after scene loading has completed
Refreshing native plugins compatible for Editor in 5.74 ms, found 6 plugins.
Preloading 0 native plugins for Editor in 0.00 ms.
Unloading 0 Unused Serialized files (Serialized files now loaded: 0)
Unloading 3755 unused Assets / (0.5 MB). Loaded Objects now: 4332.
Memory consumption went from 96.4 MB to 95.8 MB.
Total: 9.516667 ms (FindLiveObjects: 0.261375 ms CreateObjectMapping: 0.159500 ms MarkObjects: 8.081458 ms  DeleteObjects: 1.013500 ms)

Prepare: number of updated asset objects reloaded= 0
========================================================================
Received Prepare
ETC Legacy compression has been deprecated and will be removed in a future release. You can review compressors in "Project Settings > Editor > Texture Compressors".
OnLevelWasLoaded was found on PhotonHandler
This message has been deprecated and will be removed in a later version of Unity.
Add a delegate to SceneManager.sceneLoaded instead to get notifications after scene loading has completed
Refreshing native plugins compatible for Editor in 10.99 ms, found 6 plugins.
Preloading 0 native plugins for Editor in 0.00 ms.
Unloading 0 Unused Serialized files (Serialized files now loaded: 0)
Unloading 3755 unused Assets / (428.7 KB). Loaded Objects now: 4332.
Memory consumption went from 96.3 MB to 95.9 MB.
Total: 18.121208 ms (FindLiveObjects: 0.487459 ms CreateObjectMapping: 0.340334 ms MarkObjects: 15.642709 ms  DeleteObjects: 1.649125 ms)

Prepare: number of updated asset objects reloaded= 0
========================================================================
Received Prepare
ETC Legacy compression has been deprecated and will be removed in a future release. You can review compressors in "Project Settings > Editor > Texture Compressors".
OnLevelWasLoaded was found on PhotonHandler
This message has been deprecated and will be removed in a later version of Unity.
Add a delegate to SceneManager.sceneLoaded instead to get notifications after scene loading has completed
Refreshing native plugins compatible for Editor in 11.48 ms, found 6 plugins.
Preloading 0 native plugins for Editor in 0.00 ms.
Unloading 0 Unused Serialized files (Serialized files now loaded: 0)
Unloading 3755 unused Assets / (473.4 KB). Loaded Objects now: 4332.
Memory consumption went from 96.3 MB to 95.9 MB.
Total: 11.408167 ms (FindLiveObjects: 0.315791 ms CreateObjectMapping: 0.210667 ms MarkObjects: 9.967791 ms  DeleteObjects: 0.912958 ms)

Prepare: number of updated asset objects reloaded= 0
========================================================================
Received Prepare
ETC Legacy compression has been deprecated and will be removed in a future release. You can review compressors in "Project Settings > Editor > Texture Compressors".
OnLevelWasLoaded was found on PhotonHandler
This message has been deprecated and will be removed in a later version of Unity.
Add a delegate to SceneManager.sceneLoaded instead to get notifications after scene loading has completed
Refreshing native plugins compatible for Editor in 15.42 ms, found 6 plugins.
Preloading 0 native plugins for Editor in 0.00 ms.
Unloading 0 Unused Serialized files (Serialized files now loaded: 0)
Unloading 3755 unused Assets / (463.5 KB). Loaded Objects now: 4332.
Memory consumption went from 96.3 MB to 95.9 MB.
Total: 11.762041 ms (FindLiveObjects: 0.749083 ms CreateObjectMapping: 0.395333 ms MarkObjects: 9.721416 ms  DeleteObjects: 0.895417 ms)

Prepare: number of updated asset objects reloaded= 0
========================================================================
Received Prepare
ETC Legacy compression has been deprecated and will be removed in a future release. You can review compressors in "Project Settings > Editor > Texture Compressors".
OnLevelWasLoaded was found on PhotonHandler
This message has been deprecated and will be removed in a later version of Unity.
Add a delegate to SceneManager.sceneLoaded instead to get notifications after scene loading has completed
Refreshing native plugins compatible for Editor in 10.63 ms, found 6 plugins.
Preloading 0 native plugins for Editor in 0.00 ms.
Unloading 0 Unused Serialized files (Serialized files now loaded: 0)
Unloading 3755 unused Assets / (0.6 MB). Loaded Objects now: 4332.
Memory consumption went from 96.3 MB to 95.7 MB.
Total: 11.944625 ms (FindLiveObjects: 0.456666 ms CreateObjectMapping: 0.226667 ms MarkObjects: 10.294750 ms  DeleteObjects: 0.965709 ms)

Prepare: number of updated asset objects reloaded= 0
========================================================================
Received Prepare
ETC Legacy compression has been deprecated and will be removed in a future release. You can review compressors in "Project Settings > Editor > Texture Compressors".
OnLevelWasLoaded was found on PhotonHandler
This message has been deprecated and will be removed in a later version of Unity.
Add a delegate to SceneManager.sceneLoaded instead to get notifications after scene loading has completed
Refreshing native plugins compatible for Editor in 7.56 ms, found 6 plugins.
Preloading 0 native plugins for Editor in 0.00 ms.
Unloading 0 Unused Serialized files (Serialized files now loaded: 0)
Unloading 3755 unused Assets / (0.8 MB). Loaded Objects now: 4332.
Memory consumption went from 96.3 MB to 95.5 MB.
Total: 10.196333 ms (FindLiveObjects: 0.307541 ms CreateObjectMapping: 0.185375 ms MarkObjects: 8.788292 ms  DeleteObjects: 0.913791 ms)

Prepare: number of updated asset objects reloaded= 0
========================================================================
Received Prepare
ETC Legacy compression has been deprecated and will be removed in a future release. You can review compressors in "Project Settings > Editor > Texture Compressors".
OnLevelWasLoaded was found on PhotonHandler
This message has been deprecated and will be removed in a later version of Unity.
Add a delegate to SceneManager.sceneLoaded instead to get notifications after scene loading has completed
Refreshing native plugins compatible for Editor in 7.71 ms, found 6 plugins.
Preloading 0 native plugins for Editor in 0.00 ms.
Unloading 0 Unused Serialized files (Serialized files now loaded: 0)
Unloading 3755 unused Assets / (1.0 MB). Loaded Objects now: 4332.
Memory consumption went from 96.3 MB to 95.3 MB.
Total: 129.264875 ms (FindLiveObjects: 0.947417 ms CreateObjectMapping: 0.148375 ms MarkObjects: 127.413334 ms  DeleteObjects: 0.754916 ms)

Prepare: number of updated asset objects reloaded= 0
========================================================================
Received Prepare
ETC Legacy compression has been deprecated and will be removed in a future release. You can review compressors in "Project Settings > Editor > Texture Compressors".
OnLevelWasLoaded was found on PhotonHandler
This message has been deprecated and will be removed in a later version of Unity.
Add a delegate to SceneManager.sceneLoaded instead to get notifications after scene loading has completed
Refreshing native plugins compatible for Editor in 223.61 ms, found 6 plugins.
Preloading 0 native plugins for Editor in 0.00 ms.
Unloading 0 Unused Serialized files (Serialized files now loaded: 0)
Unloading 3755 unused Assets / (327.9 KB). Loaded Objects now: 4332.
Memory consumption went from 96.3 MB to 95.9 MB.
Total: 9.495625 ms (FindLiveObjects: 0.372958 ms CreateObjectMapping: 0.148375 ms MarkObjects: 8.232917 ms  DeleteObjects: 0.739500 ms)

Prepare: number of updated asset objects reloaded= 0
========================================================================
Received Prepare
ETC Legacy compression has been deprecated and will be removed in a future release. You can review compressors in "Project Settings > Editor > Texture Compressors".
OnLevelWasLoaded was found on PhotonHandler
This message has been deprecated and will be removed in a later version of Unity.
Add a delegate to SceneManager.sceneLoaded instead to get notifications after scene loading has completed
Refreshing native plugins compatible for Editor in 7.71 ms, found 6 plugins.
Preloading 0 native plugins for Editor in 0.00 ms.
Unloading 0 Unused Serialized files (Serialized files now loaded: 0)
Unloading 3755 unused Assets / (1.0 MB). Loaded Objects now: 4332.
Memory consumption went from 96.2 MB to 95.3 MB.
Total: 8.570625 ms (FindLiveObjects: 0.246417 ms CreateObjectMapping: 0.139541 ms MarkObjects: 7.358959 ms  DeleteObjects: 0.825042 ms)

Prepare: number of updated asset objects reloaded= 0
========================================================================
Received Prepare
ETC Legacy compression has been deprecated and will be removed in a future release. You can review compressors in "Project Settings > Editor > Texture Compressors".
OnLevelWasLoaded was found on PhotonHandler
This message has been deprecated and will be removed in a later version of Unity.
Add a delegate to SceneManager.sceneLoaded instead to get notifications after scene loading has completed
Refreshing native plugins compatible for Editor in 6.36 ms, found 6 plugins.
Preloading 0 native plugins for Editor in 0.00 ms.
Unloading 0 Unused Serialized files (Serialized files now loaded: 0)
Unloading 3755 unused Assets / (0.6 MB). Loaded Objects now: 4332.
Memory consumption went from 96.2 MB to 95.6 MB.
Total: 9.058042 ms (FindLiveObjects: 0.235125 ms CreateObjectMapping: 0.152542 ms MarkObjects: 7.843666 ms  DeleteObjects: 0.825708 ms)

Prepare: number of updated asset objects reloaded= 0
========================================================================
Received Prepare
ETC Legacy compression has been deprecated and will be removed in a future release. You can review compressors in "Project Settings > Editor > Texture Compressors".
OnLevelWasLoaded was found on PhotonHandler
This message has been deprecated and will be removed in a later version of Unity.
Add a delegate to SceneManager.sceneLoaded instead to get notifications after scene loading has completed
Refreshing native plugins compatible for Editor in 14.02 ms, found 6 plugins.
Preloading 0 native plugins for Editor in 0.00 ms.
Unloading 0 Unused Serialized files (Serialized files now loaded: 0)
Unloading 3755 unused Assets / (0.5 MB). Loaded Objects now: 4332.
Memory consumption went from 96.2 MB to 95.7 MB.
Total: 13.588542 ms (FindLiveObjects: 0.336459 ms CreateObjectMapping: 0.257500 ms MarkObjects: 11.888375 ms  DeleteObjects: 1.105208 ms)

Prepare: number of updated asset objects reloaded= 0
========================================================================
Received Prepare
ETC Legacy compression has been deprecated and will be removed in a future release. You can review compressors in "Project Settings > Editor > Texture Compressors".
OnLevelWasLoaded was found on PhotonHandler
This message has been deprecated and will be removed in a later version of Unity.
Add a delegate to SceneManager.sceneLoaded instead to get notifications after scene loading has completed
Refreshing native plugins compatible for Editor in 8.30 ms, found 6 plugins.
Preloading 0 native plugins for Editor in 0.00 ms.
Unloading 0 Unused Serialized files (Serialized files now loaded: 0)
Unloading 3755 unused Assets / (481.0 KB). Loaded Objects now: 4332.
Memory consumption went from 96.2 MB to 95.7 MB.
Total: 9.978583 ms (FindLiveObjects: 0.316875 ms CreateObjectMapping: 0.182083 ms MarkObjects: 8.668167 ms  DeleteObjects: 0.810833 ms)

Prepare: number of updated asset objects reloaded= 0
========================================================================
Received Prepare
ETC Legacy compression has been deprecated and will be removed in a future release. You can review compressors in "Project Settings > Editor > Texture Compressors".
OnLevelWasLoaded was found on PhotonHandler
This message has been deprecated and will be removed in a later version of Unity.
Add a delegate to SceneManager.sceneLoaded instead to get notifications after scene loading has completed
Refreshing native plugins compatible for Editor in 8.53 ms, found 6 plugins.
Preloading 0 native plugins for Editor in 0.00 ms.
Unloading 0 Unused Serialized files (Serialized files now loaded: 0)
Unloading 3755 unused Assets / (0.9 MB). Loaded Objects now: 4332.
Memory consumption went from 96.2 MB to 95.3 MB.
Total: 11.314500 ms (FindLiveObjects: 0.312958 ms CreateObjectMapping: 0.204667 ms MarkObjects: 9.837708 ms  DeleteObjects: 0.958667 ms)

Prepare: number of updated asset objects reloaded= 0
